c:\users\icego\source\repos\project2\project2\debug\vc141.pdb
c:\users\icego\source\repos\project2\project2\debug\vc141.idb
c:\users\icego\source\repos\project2\project2\debug\menupause.obj
c:\users\icego\source\repos\project2\project2\debug\menumorte.obj
c:\users\icego\source\repos\project2\project2\debug\menuiniciar.obj
c:\users\icego\source\repos\project2\project2\debug\menu.obj
c:\users\icego\source\repos\project2\project2\debug\listainimigos.obj
c:\users\icego\source\repos\project2\project2\debug\listaentidades.obj
c:\users\icego\source\repos\project2\project2\debug\limites.obj
c:\users\icego\source\repos\project2\project2\debug\jogo.obj
c:\users\icego\source\repos\project2\project2\debug\janela.obj
c:\users\icego\source\repos\project2\project2\debug\inimigo.obj
c:\users\icego\source\repos\project2\project2\debug\giz.obj
c:\users\icego\source\repos\project2\project2\debug\fase.obj
c:\users\icego\source\repos\project2\project2\debug\entidade.obj
c:\users\icego\source\repos\project2\project2\debug\e208.obj
c:\users\icego\source\repos\project2\project2\debug\dafis.obj
c:\users\icego\source\repos\project2\project2\debug\gerenciadorcolisoes.obj
c:\users\icego\source\repos\project2\project2\debug\cadeira.obj
c:\users\icego\source\repos\project2\project2\debug\blackboard.obj
c:\users\icego\source\repos\project2\project2\debug\gerenciadorgrafico.obj
c:\users\icego\source\repos\project2\project2\debug\barreto.obj
c:\users\icego\source\repos\project2\project2\debug\terraplanista.obj
c:\users\icego\source\repos\project2\project2\debug\terraplana.obj
c:\users\icego\source\repos\project2\project2\debug\saladeaula.obj
c:\users\icego\source\repos\project2\project2\debug\ricky.obj
c:\users\icego\source\repos\project2\project2\debug\rauli.obj
c:\users\icego\source\repos\project2\project2\debug\projeteis.obj
c:\users\icego\source\repos\project2\project2\debug\barreto_the_game.obj
c:\users\icego\source\repos\project2\project2\debug\player.obj
c:\users\icego\source\repos\project2\project2\debug\platform.obj
c:\users\icego\source\repos\project2\project2\debug\personagem.obj
c:\users\icego\source\repos\project2\project2\debug\patineteeletrico.obj
c:\users\icego\source\repos\project2\project2\debug\obstaculos.obj
c:\users\icego\source\repos\project2\project2\debug\mochila.obj
c:\users\icego\source\repos\project2\project2\debug\mesa.obj
c:\users\icego\source\repos\project2\project2\debug\menuvitoria.obj
c:\users\icego\source\repos\project2\project2\debug\listatexturas.obj
c:\users\icego\source\repos\project2\project2\debug\listaplayer.obj
c:\users\icego\source\repos\project2\project2\debug\state.obj
c:\users\icego\source\repos\project2\project2\debug\pilhastate.obj
c:\users\icego\source\repos\project2\project2\debug\pilha.obj
c:\users\icego\source\repos\project2\debug\project2.exe
c:\users\icego\source\repos\project2\debug\project2.ilk
c:\users\icego\source\repos\project2\debug\project2.pdb
c:\users\icego\source\repos\project2\project2\debug\pilhastate.obj.enc
c:\users\icego\source\repos\project2\project2\debug\project2.tlog\cl.command.1.tlog
c:\users\icego\source\repos\project2\project2\debug\project2.tlog\cl.read.1.tlog
c:\users\icego\source\repos\project2\project2\debug\project2.tlog\cl.write.1.tlog
c:\users\icego\source\repos\project2\project2\debug\project2.tlog\link.command.1.tlog
c:\users\icego\source\repos\project2\project2\debug\project2.tlog\link.read.1.tlog
c:\users\icego\source\repos\project2\project2\debug\project2.tlog\link.write.1.tlog
