  Barreto.cpp
  GerenciadorGrafico.cpp
c:\users\icego\source\repos\project2\project2\gerenciadorgrafico.h(2): fatal error C1083: Não é possível abrir arquivo incluir: 'SFML/Graphics.hpp': No such file or directory
  Blackboard.cpp
c:\users\icego\source\repos\project2\project2\blackboard.h(2): fatal error C1083: Não é possível abrir arquivo incluir: 'SFML/Graphics.hpp': No such file or directory
  Cadeira.cpp
  GerenciadorColisoes.cpp
c:\users\icego\source\repos\project2\project2\gerenciadorcolisoes.h(2): fatal error C1083: Não é possível abrir arquivo incluir: 'SFML/Graphics.hpp': No such file or directory
  DAFIS.cpp
  E208.cpp
  Entidade.cpp
c:\users\icego\source\repos\project2\project2\entidade.h(2): fatal error C1083: Não é possível abrir arquivo incluir: 'SFML/Graphics.hpp': No such file or directory
  Fase.cpp
  Giz.cpp
  Inimigo.cpp
  Limites.cpp
c:\users\icego\source\repos\project2\project2\limites.h(2): fatal error C1083: Não é possível abrir arquivo incluir: 'SFML/Graphics.hpp': No such file or directory
  ListaEntidades.cpp
c:\users\icego\source\repos\project2\project2\entidade.h(2): fatal error C1083: Não é possível abrir arquivo incluir: 'SFML/Graphics.hpp': No such file or directory
  main.cpp
c:\users\icego\source\repos\project2\project2\main.cpp(1): fatal error C1083: Não é possível abrir arquivo incluir: 'SFML/Graphics.hpp': No such file or directory
  Menu.cpp
  MenuIniciar.cpp
  MenuMorte.cpp
  MenuPause.cpp
  MenuVitoria.cpp
  Mesa.cpp
c:\users\icego\source\repos\project2\project2\mesa.h(2): fatal error C1083: Não é possível abrir arquivo incluir: 'SFML/Graphics.hpp': No such file or directory
  Gerando Código...
  Compilando...
  Mochila.cpp
  Obstaculos.cpp
c:\users\icego\source\repos\project2\project2\obstaculo.h(2): fatal error C1083: Não é possível abrir arquivo incluir: 'SFML/Graphics.hpp': No such file or directory
  PatineteEletrico.cpp
  Personagem.cpp
  Platform.cpp
c:\users\icego\source\repos\project2\project2\platform.h(2): fatal error C1083: Não é possível abrir arquivo incluir: 'SFML/Graphics.hpp': No such file or directory
  Player.cpp
c:\users\icego\source\repos\project2\project2\player.h(2): fatal error C1083: Não é possível abrir arquivo incluir: 'SFML/Graphics.hpp': No such file or directory
  Barreto_the_Game.cpp
c:\users\icego\source\repos\project2\project2\barreto_the_game.cpp(1): fatal error C1083: Não é possível abrir arquivo incluir: 'SFML/Graphics.hpp': No such file or directory
  Projeteis.cpp
  Rauli.cpp
  Ricky.cpp
  SaladeAula.cpp
  TerraPlana.cpp
  Terraplanista.cpp
  Gerando Código...
